{"C:\\Users\\admin\\Desktop\\April_2026_Node\\Node_with_Kafka\\catalogService\\src\\repository\\mockCatalog.Repository.ts": {"path":"C:\\Users\\admin\\Desktop\\April_2026_Node\\Node_with_Kafka\\catalogService\\src\\repository\\mockCatalog.Repository.ts","all":false,"statementMap":{"0":{"start":{"line":1,"column":0},"end":{"line":1,"column":33}},"1":{"start":{"line":2,"column":0},"end":{"line":2,"column":85}},"2":{"start":{"line":3,"column":0},"end":{"line":3,"column":53}},"3":{"start":{"line":4,"column":0},"end":{"line":4,"column":0}},"4":{"start":{"line":5,"column":0},"end":{"line":5,"column":65}},"5":{"start":{"line":6,"column":0},"end":{"line":6,"column":51}},"6":{"start":{"line":7,"column":0},"end":{"line":7,"column":26}},"7":{"start":{"line":8,"column":0},"end":{"line":8,"column":19}},"8":{"start":{"line":9,"column":0},"end":{"line":9,"column":19}},"9":{"start":{"line":10,"column":0},"end":{"line":10,"column":9}},"10":{"start":{"line":11,"column":0},"end":{"line":11,"column":40}},"11":{"start":{"line":12,"column":0},"end":{"line":12,"column":8}},"12":{"start":{"line":13,"column":0},"end":{"line":13,"column":5}},"13":{"start":{"line":14,"column":0},"end":{"line":14,"column":45}},"14":{"start":{"line":15,"column":0},"end":{"line":15,"column":51}},"15":{"start":{"line":16,"column":0},"end":{"line":16,"column":5}},"16":{"start":{"line":17,"column":0},"end":{"line":17,"column":30}},"17":{"start":{"line":18,"column":0},"end":{"line":18,"column":51}},"18":{"start":{"line":19,"column":0},"end":{"line":19,"column":5}},"19":{"start":{"line":20,"column":0},"end":{"line":20,"column":25}},"20":{"start":{"line":21,"column":0},"end":{"line":21,"column":51}},"21":{"start":{"line":22,"column":0},"end":{"line":22,"column":5}},"22":{"start":{"line":23,"column":0},"end":{"line":23,"column":44}},"23":{"start":{"line":24,"column":0},"end":{"line":24,"column":51}},"24":{"start":{"line":25,"column":0},"end":{"line":25,"column":5}},"25":{"start":{"line":26,"column":0},"end":{"line":26,"column":0}},"26":{"start":{"line":27,"column":0},"end":{"line":27,"column":1}}},"s":{"0":1,"1":1,"2":1,"3":1,"4":1,"5":1,"6":1,"7":0,"8":0,"9":1,"10":0,"11":0,"12":0,"13":1,"14":1,"15":0,"16":0,"17":1,"18":1,"19":1,"20":1,"21":1,"22":1,"23":1,"24":1,"25":1,"26":1},"branchMap":{"0":{"type":"branch","line":1,"loc":{"start":{"line":1,"column":0},"end":{"line":20,"column":18}},"locations":[{"start":{"line":1,"column":0},"end":{"line":20,"column":18}}]},"1":{"type":"branch","line":3,"loc":{"start":{"line":3,"column":29},"end":{"line":6,"column":52}},"locations":[{"start":{"line":3,"column":29},"end":{"line":6,"column":52}}]}},"b":{"0":[1],"1":[1]},"fnMap":{"0":{"name":"create","decl":{"start":{"line":3,"column":29},"end":{"line":6,"column":52}},"loc":{"start":{"line":3,"column":29},"end":{"line":6,"column":52}},"line":3},"1":{"name":"update","decl":{"start":{"line":7,"column":4},"end":{"line":10,"column":6}},"loc":{"start":{"line":7,"column":4},"end":{"line":10,"column":6}},"line":7},"2":{"name":"delete","decl":{"start":{"line":11,"column":0},"end":{"line":14,"column":11}},"loc":{"start":{"line":11,"column":0},"end":{"line":14,"column":11}},"line":11},"3":{"name":"find","decl":{"start":{"line":14,"column":16},"end":{"line":15,"column":35}},"loc":{"start":{"line":14,"column":16},"end":{"line":15,"column":35}},"line":14},"4":{"name":"findbyID","decl":{"start":{"line":15,"column":40},"end":{"line":18,"column":20}},"loc":{"start":{"line":15,"column":40},"end":{"line":18,"column":20}},"line":15}},"f":{"0":1,"1":0,"2":0,"3":0,"4":0}}
,"C:\\Users\\admin\\Desktop\\April_2026_Node\\Node_with_Kafka\\catalogService\\src\\services\\catalogService.ts": {"path":"C:\\Users\\admin\\Desktop\\April_2026_Node\\Node_with_Kafka\\catalogService\\src\\services\\catalogService.ts","all":false,"statementMap":{"0":{"start":{"line":1,"column":0},"end":{"line":1,"column":78}},"1":{"start":{"line":2,"column":0},"end":{"line":2,"column":51}},"2":{"start":{"line":3,"column":0},"end":{"line":3,"column":0}},"3":{"start":{"line":4,"column":0},"end":{"line":4,"column":28}},"4":{"start":{"line":5,"column":0},"end":{"line":5,"column":44}},"5":{"start":{"line":6,"column":0},"end":{"line":6,"column":49}},"6":{"start":{"line":7,"column":0},"end":{"line":7,"column":74}},"7":{"start":{"line":8,"column":0},"end":{"line":8,"column":5}},"8":{"start":{"line":9,"column":0},"end":{"line":9,"column":34}},"9":{"start":{"line":10,"column":0},"end":{"line":10,"column":8}},"10":{"start":{"line":11,"column":0},"end":{"line":11,"column":58}},"11":{"start":{"line":12,"column":0},"end":{"line":12,"column":20}},"12":{"start":{"line":13,"column":0},"end":{"line":13,"column":5}},"13":{"start":{"line":14,"column":0},"end":{"line":14,"column":30}},"14":{"start":{"line":15,"column":0},"end":{"line":15,"column":5}},"15":{"start":{"line":16,"column":0},"end":{"line":16,"column":29}},"16":{"start":{"line":17,"column":0},"end":{"line":17,"column":5}},"17":{"start":{"line":18,"column":0},"end":{"line":18,"column":45}},"18":{"start":{"line":19,"column":0},"end":{"line":19,"column":0}},"19":{"start":{"line":20,"column":0},"end":{"line":20,"column":5}},"20":{"start":{"line":21,"column":0},"end":{"line":21,"column":54}},"21":{"start":{"line":22,"column":0},"end":{"line":22,"column":0}},"22":{"start":{"line":23,"column":0},"end":{"line":23,"column":5}},"23":{"start":{"line":24,"column":0},"end":{"line":24,"column":0}},"24":{"start":{"line":25,"column":0},"end":{"line":25,"column":4}},"25":{"start":{"line":26,"column":0},"end":{"line":26,"column":1}}},"s":{"0":1,"1":1,"2":1,"3":1,"4":1,"5":1,"6":1,"7":1,"8":1,"9":1,"10":1,"11":0,"12":0,"13":1,"14":1,"15":1,"16":1,"17":1,"18":1,"19":1,"20":1,"21":1,"22":1,"23":1,"24":1,"25":1},"branchMap":{"0":{"type":"branch","line":1,"loc":{"start":{"line":1,"column":0},"end":{"line":16,"column":13}},"locations":[{"start":{"line":1,"column":0},"end":{"line":16,"column":13}}]},"1":{"type":"branch","line":4,"loc":{"start":{"line":4,"column":2},"end":{"line":6,"column":13}},"locations":[{"start":{"line":4,"column":2},"end":{"line":6,"column":13}}]},"2":{"type":"branch","line":6,"loc":{"start":{"line":6,"column":18},"end":{"line":8,"column":6}},"locations":[{"start":{"line":6,"column":18},"end":{"line":8,"column":6}}]}},"b":{"0":[1],"1":[1],"2":[1]},"fnMap":{"0":{"name":"CatalogService","decl":{"start":{"line":4,"column":2},"end":{"line":6,"column":13}},"loc":{"start":{"line":4,"column":2},"end":{"line":6,"column":13}},"line":4},"1":{"name":"createProduct","decl":{"start":{"line":6,"column":18},"end":{"line":8,"column":6}},"loc":{"start":{"line":6,"column":18},"end":{"line":8,"column":6}},"line":6},"2":{"name":"updateProduct","decl":{"start":{"line":9,"column":4},"end":{"line":9,"column":32}},"loc":{"start":{"line":9,"column":4},"end":{"line":9,"column":32}},"line":9},"3":{"name":"deleteProduct","decl":{"start":{"line":10,"column":1},"end":{"line":11,"column":16}},"loc":{"start":{"line":10,"column":1},"end":{"line":11,"column":16}},"line":10},"4":{"name":"getProducts","decl":{"start":{"line":11,"column":21},"end":{"line":11,"column":55}},"loc":{"start":{"line":11,"column":21},"end":{"line":11,"column":55}},"line":11},"5":{"name":"getProduct","decl":{"start":{"line":12,"column":0},"end":{"line":14,"column":8}},"loc":{"start":{"line":12,"column":0},"end":{"line":14,"column":8}},"line":12}},"f":{"0":1,"1":1,"2":0,"3":0,"4":0,"5":0}}
}
