TN:
SF:src\repository\mockCatalog.Repository.ts
FN:3,create
FN:8,update
FN:9,delete
FN:13,find
FN:16,findbyID
FNF:5
FNH:3
FNDA:1,create
FNDA:1,update
FNDA:0,delete
FNDA:0,find
FNDA:1,findbyID
DA:1,1
DA:2,1
DA:3,1
DA:4,1
DA:5,1
DA:6,1
DA:7,1
DA:8,1
DA:9,1
DA:10,0
DA:11,0
DA:12,0
DA:13,1
DA:14,0
DA:15,0
DA:16,1
DA:17,1
DA:18,1
DA:19,1
DA:20,1
DA:21,1
DA:22,1
DA:23,1
DA:24,1
DA:25,1
DA:26,1
DA:27,1
DA:28,1
DA:29,1
DA:30,1
DA:31,1
DA:32,1
DA:33,1
DA:34,1
DA:35,1
DA:36,1
DA:37,1
DA:38,1
DA:39,1
LF:39
LH:34
BRDA:1,0,0,1
BRDA:3,1,0,1
BRDA:8,2,0,1
BRDA:16,3,0,1
BRF:4
BRH:4
end_of_record
TN:
SF:src\services\catalogService.ts
FN:6,CatalogService
FN:7,createProduct
FN:15,updateProduct
FN:31,deleteProduct
FN:31,getProducts
FN:34,getProduct
FNF:6
FNH:4
FNDA:8,CatalogService
FNDA:3,createProduct
FNDA:3,updateProduct
FNDA:0,deleteProduct
FNDA:0,getProducts
FNDA:2,getProduct
DA:1,1
DA:2,1
DA:3,1
DA:4,1
DA:5,1
DA:6,1
DA:7,1
DA:8,3
DA:9,3
DA:10,1
DA:11,1
DA:12,1
DA:13,3
DA:14,2
DA:15,1
DA:16,3
DA:17,3
DA:18,3
DA:19,3
DA:20,3
DA:21,3
DA:22,2
DA:23,2
DA:24,2
DA:25,3
DA:26,1
DA:27,1
DA:28,1
DA:29,3
DA:30,2
DA:31,1
DA:32,0
DA:33,1
DA:34,2
DA:35,2
DA:36,2
DA:37,2
DA:38,2
DA:39,2
DA:40,2
DA:41,2
DA:42,2
DA:43,2
DA:44,1
DA:45,1
DA:46,1
DA:47,1
DA:48,1
DA:49,1
DA:50,1
DA:51,1
DA:52,1
DA:53,1
DA:54,1
DA:55,1
DA:56,1
DA:57,1
DA:58,1
DA:59,1
DA:60,1
DA:61,1
DA:62,1
DA:63,1
DA:64,1
DA:65,1
LF:65
LH:64
BRDA:1,0,0,1
BRDA:6,1,0,8
BRDA:7,2,0,3
BRDA:9,3,0,2
BRDA:9,4,0,1
BRDA:13,5,0,2
BRDA:15,6,0,3
BRDA:21,7,0,2
BRDA:25,8,0,1
BRDA:29,9,0,2
BRDA:34,10,0,2
BRDA:43,11,0,1
BRF:12
BRH:12
end_of_record
